[ORM] - 2015-01-07 14:40:11 - [Queries/default] - [  OK /    db.Query /   110.5ms] - [SELECT * FROM t_config_response]
[ORM] - 2015-01-07 14:40:19 - [Queries/default] - [  OK /    db.Query /     0.0ms] - [SELECT * FROM t_config_response]
[ORM] - 2015-01-07 14:42:36 - [Queries/default] - [  OK /    db.Query /     0.0ms] - [SELECT * FROM t_config_response]
[ORM] - 2015-01-07 14:43:05 - [Queries/default] - [  OK /    db.Query /     0.0ms] - [SELECT * FROM t_config_response]
[ORM] - 2015-01-07 14:43:08 - [Queries/default] - [  OK /    db.Query /     0.0ms] - [SELECT * FROM t_config_response]
[ORM] - 2015-01-07 14:43:41 - [Queries/default] - [  OK /    db.Query /     0.0ms] - [SELECT * FROM t_config_response]
[ORM] - 2015-01-07 14:43:43 - [Queries/default] - [  OK /    db.Query /     0.0ms] - [SELECT * FROM t_config_response]
[ORM] - 2015-01-07 14:43:49 - [Queries/default] - [  OK /    db.Query /     0.0ms] - [SELECT * FROM t_config_response]
[ORM] - 2015-01-07 14:43:51 - [Queries/default] - [  OK /    db.Query /     0.0ms] - [SELECT * FROM t_config_response]
[ORM] - 2015-01-07 14:46:15 - [Queries/default] - [  OK /    db.Query /     0.0ms] - [SELECT * FROM t_config_response]
[ORM] - 2015-01-07 14:46:17 - [Queries/default] - [  OK /    db.Query /     0.0ms] - [SELECT * FROM t_config_response]
[ORM] - 2015-01-07 14:46:24 - [Queries/default] - [  OK /    db.Query /     0.0ms] - [SELECT * FROM t_config_response]
[ORM] - 2015-01-07 14:46:25 - [Queries/default] - [  OK /    db.Query /     0.0ms] - [SELECT * FROM t_config_response]
[ORM] - 2015-01-07 14:53:29 - [Queries/default] - [  OK /    db.Query /     0.0ms] - [SELECT * FROM t_config_response]
[ORM] - 2015-01-07 14:53:31 - [Queries/default] - [  OK /    db.Query /     0.0ms] - [SELECT * FROM t_config_response]
[ORM] - 2015-01-07 14:54:11 - [Queries/default] - [  OK /    db.Query /     0.0ms] - [SELECT * FROM t_config_response]
[ORM] - 2015-01-07 14:56:45 - [Queries/default] - [  OK /    db.Query /     0.0ms] - [SELECT * FROM t_config_response]
[ORM] - 2015-01-07 14:56:46 - [Queries/default] - [  OK /    db.Query /     0.0ms] - [SELECT * FROM t_config_response]
[ORM] - 2015-01-07 14:57:23 - [Queries/default] - [  OK /    db.Query /     0.0ms] - [SELECT * FROM t_config_response]
[ORM] - 2015-01-07 14:57:25 - [Queries/default] - [  OK /    db.Query /     0.0ms] - [SELECT * FROM t_config_response]
[ORM] - 2015-01-07 14:58:15 - [Queries/default] - [  OK /    db.Query /     0.0ms] - [SELECT * FROM t_config_response]
[ORM] - 2015-01-07 14:58:17 - [Queries/default] - [  OK /    db.Query /     0.0ms] - [SELECT * FROM t_config_response]
[ORM] - 2015-01-07 14:58:24 - [Queries/default] - [  OK /    db.Query /     0.0ms] - [SELECT * FROM t_config_response]
[ORM] - 2015-01-07 14:58:26 - [Queries/default] - [  OK /    db.Query /     0.0ms] - [SELECT * FROM t_config_response]
[ORM] - 2015-01-07 14:58:32 - [Queries/default] - [  OK /    db.Query /     0.0ms] - [SELECT * FROM t_config_response]
[ORM] - 2015-01-07 14:58:34 - [Queries/default] - [  OK /    db.Query /     0.1ms] - [SELECT * FROM t_config_response]
[ORM] - 2015-01-07 14:58:55 - [Queries/default] - [  OK /    db.Query /     0.0ms] - [SELECT * FROM t_config_response]
[ORM] - 2015-01-07 14:58:57 - [Queries/default] - [  OK /    db.Query /     0.0ms] - [SELECT * FROM t_config_response]
[ORM] - 2015-01-07 14:59:06 - [Queries/default] - [  OK /    db.Query /     0.0ms] - [SELECT * FROM t_config_response]
[ORM] - 2015-01-07 14:59:08 - [Queries/default] - [  OK /    db.Query /     0.0ms] - [SELECT * FROM t_config_response]
[ORM] - 2015-01-07 15:01:10 - [Queries/default] - [  OK /    db.Query /     0.0ms] - [SELECT * FROM t_config_response]
[ORM] - 2015-01-07 15:01:12 - [Queries/default] - [  OK /    db.Query /     0.0ms] - [SELECT * FROM t_config_response]
[ORM] - 2015-01-07 15:14:48 - [Queries/default] - [  OK /    db.Query /     0.1ms] - [SELECT * FROM t_config_response]
[ORM] - 2015-01-07 15:14:50 - [Queries/default] - [  OK /    db.Query /     0.0ms] - [SELECT * FROM t_config_response]
[ORM] - 2015-01-07 15:15:16 - [Queries/default] - [  OK /    db.Query /     0.0ms] - [SELECT * FROM t_config_response]
[ORM] - 2015-01-07 15:15:32 - [Queries/default] - [  OK /    db.Query /     0.0ms] - [SELECT * FROM t_config_response]
[ORM] - 2015-01-07 15:33:27 - [Queries/default] - [  OK /    db.Query /     0.1ms] - [SELECT * FROM t_config_response]
[ORM] - 2015-01-07 15:33:29 - [Queries/default] - [  OK /    db.Query /     0.0ms] - [SELECT * FROM t_config_response]
[ORM] - 2015-01-07 15:34:35 - [Queries/default] - [  OK /    db.Query /     0.0ms] - [SELECT * FROM t_config_response]
[ORM] - 2015-01-07 15:34:37 - [Queries/default] - [  OK /    db.Query /     0.0ms] - [SELECT * FROM t_config_response]
[ORM] - 2015-01-07 15:35:53 - [Queries/default] - [  OK /    db.Query /   106.0ms] - [SELECT F_user_name FROM t_user WHERE F_user_name=?] - `13417747867`
[ORM] - 2015-01-07 15:36:54 - [Queries/default] - [  OK /    db.Query /     0.0ms] - [SELECT * FROM t_config_response]
[ORM] - 2015-01-07 15:37:11 - [Queries/default] - [  OK /    db.Query /     0.0ms] - [SELECT * FROM t_config_response]
[ORM] - 2015-01-07 15:37:22 - [Queries/default] - [  OK /    db.Query /     0.2ms] - [SELECT F_user_name FROM t_user WHERE F_user_name=?] - `134177477867`
[ORM] - 2015-01-07 15:37:44 - [Queries/default] - [  OK /    db.Query /     0.2ms] - [SELECT F_user_name FROM t_user WHERE F_user_name=?] - `13417747867`
[ORM] - 2015-01-07 15:39:01 - [Queries/default] - [  OK /    db.Query /     0.0ms] - [SELECT * FROM t_config_response]
[ORM] - 2015-01-07 15:39:03 - [Queries/default] - [  OK /    db.Query /     0.0ms] - [SELECT * FROM t_config_response]
[ORM] - 2015-01-07 15:39:14 - [Queries/default] - [  OK /    db.Query /     0.0ms] - [SELECT * FROM t_config_response]
[ORM] - 2015-01-07 15:39:16 - [Queries/default] - [  OK /    db.Query /     0.0ms] - [SELECT * FROM t_config_response]
[ORM] - 2015-01-07 15:39:18 - [Queries/default] - [  OK /    db.Query /     0.0ms] - [SELECT * FROM t_config_response]
[ORM] - 2015-01-07 15:39:20 - [Queries/default] - [  OK /    db.Query /     0.0ms] - [SELECT * FROM t_config_response]
[ORM] - 2015-01-07 15:39:22 - [Queries/default] - [  OK /    db.Query /     0.0ms] - [SELECT * FROM t_config_response]
[ORM] - 2015-01-07 15:43:46 - [Queries/default] - [  OK /    db.Query /     0.0ms] - [SELECT * FROM t_config_response]
[ORM] - 2015-01-07 15:43:47 - [Queries/default] - [  OK /    db.Query /     0.0ms] - [SELECT * FROM t_config_response]
[ORM] - 2015-01-07 15:44:52 - [Queries/default] - [  OK /    db.Query /     0.0ms] - [SELECT * FROM t_config_response]
[ORM] - 2015-01-07 15:44:54 - [Queries/default] - [  OK /    db.Query /     0.0ms] - [SELECT * FROM t_config_response]
[ORM] - 2015-01-07 15:45:40 - [Queries/default] - [  OK /    db.Query /     0.0ms] - [SELECT * FROM t_config_response]
[ORM] - 2015-01-07 15:45:42 - [Queries/default] - [  OK /    db.Query /     0.0ms] - [SELECT * FROM t_config_response]
[ORM] - 2015-01-07 15:47:19 - [Queries/default] - [  OK /    db.Query /     0.0ms] - [SELECT * FROM t_config_response]
[ORM] - 2015-01-07 15:47:21 - [Queries/default] - [  OK /    db.Query /     0.0ms] - [SELECT * FROM t_config_response]
[ORM] - 2015-01-07 15:47:30 - [Queries/default] - [  OK /    db.Query /     1.2ms] - [SELECT F_user_name FROM t_user WHERE F_user_name=?] - `13417747867`
[ORM] - 2015-01-07 15:47:30 - [Queries/default] - [  OK /     db.Exec /   260.6ms] - [INSERT INTO t_user SET F_user_name = ?,F_user_password=?] - `13417747867`, `123456`
[ORM] - 2015-01-07 15:48:05 - [Queries/default] - [  OK /    db.Query /     0.0ms] - [SELECT * FROM t_config_response]
[ORM] - 2015-01-07 15:48:07 - [Queries/default] - [  OK /    db.Query /     0.0ms] - [SELECT * FROM t_config_response]
[ORM] - 2015-01-07 15:48:14 - [Queries/default] - [  OK /    db.Query /     0.0ms] - [SELECT * FROM t_config_response]
[ORM] - 2015-01-07 15:48:16 - [Queries/default] - [  OK /    db.Query /     0.0ms] - [SELECT * FROM t_config_response]
[ORM] - 2015-01-07 15:48:17 - [Queries/default] - [  OK /    db.Query /     0.0ms] - [SELECT * FROM t_config_response]
[ORM] - 2015-01-07 15:48:34 - [Queries/default] - [  OK /    db.Query /     0.0ms] - [SELECT * FROM t_config_response]
[ORM] - 2015-01-07 15:50:03 - [Queries/default] - [  OK /    db.Query /     0.3ms] - [SELECT F_user_name FROM t_user WHERE F_user_name=?] - `13417747867`
[ORM] - 2015-01-07 15:50:41 - [Queries/default] - [  OK /    db.Query /     0.1ms] - [SELECT * FROM t_config_response]
[ORM] - 2015-01-07 15:50:43 - [Queries/default] - [  OK /    db.Query /     0.0ms] - [SELECT * FROM t_config_response]
[ORM] - 2015-01-07 15:50:54 - [Queries/default] - [  OK /    db.Query /     0.0ms] - [SELECT * FROM t_config_response]
[ORM] - 2015-01-07 15:50:55 - [Queries/default] - [  OK /    db.Query /     0.0ms] - [SELECT * FROM t_config_response]
[ORM] - 2015-01-07 15:51:05 - [Queries/default] - [  OK /    db.Query /     0.0ms] - [SELECT * FROM t_config_response]
[ORM] - 2015-01-07 15:51:07 - [Queries/default] - [  OK /    db.Query /     0.0ms] - [SELECT * FROM t_config_response]
[ORM] - 2015-01-07 15:51:09 - [Queries/default] - [  OK /    db.Query /     0.0ms] - [SELECT * FROM t_config_response]
[ORM] - 2015-01-07 15:51:11 - [Queries/default] - [  OK /    db.Query /     0.0ms] - [SELECT * FROM t_config_response]
[ORM] - 2015-01-07 15:58:23 - [Queries/default] - [  OK /    db.Query /     0.0ms] - [SELECT * FROM t_config_response]
[ORM] - 2015-01-07 15:58:37 - [Queries/default] - [  OK /    db.Query /     0.0ms] - [SELECT * FROM t_config_response]
[ORM] - 2015-01-07 15:59:46 - [Queries/default] - [  OK /    db.Query /     0.0ms] - [SELECT * FROM t_config_response]
[ORM] - 2015-01-07 16:00:39 - [Queries/default] - [  OK /    db.Query /     0.0ms] - [SELECT * FROM t_config_response]
[ORM] - 2015-01-07 16:01:40 - [Queries/default] - [  OK /    db.Query /     0.0ms] - [SELECT * FROM t_config_response]
[ORM] - 2015-01-07 16:01:48 - [Queries/default] - [  OK /    db.Query /    49.8ms] - [SELECT F_user_name FROM t_user WHERE F_user_name=?] - `13417747867`
[ORM] - 2015-01-07 16:02:03 - [Queries/default] - [  OK /    db.Query /     0.0ms] - [SELECT * FROM t_config_response]
[ORM] - 2015-01-07 16:02:14 - [Queries/default] - [  OK /    db.Query /     0.3ms] - [SELECT F_user_name FROM t_user WHERE F_user_name=?] - `13417747867`
[ORM] - 2015-01-07 16:02:24 - [Queries/default] - [  OK /    db.Query /     0.2ms] - [SELECT F_user_name FROM t_user WHERE F_user_name=?] - `13417747867`
[ORM] - 2015-01-07 16:02:42 - [Queries/default] - [  OK /    db.Query /     0.0ms] - [SELECT * FROM t_config_response]
[ORM] - 2015-01-07 16:02:46 - [Queries/default] - [  OK /    db.Query /     0.6ms] - [SELECT F_user_name FROM t_user WHERE F_user_name=?] - `13417747867`
[ORM] - 2015-01-07 16:09:55 - [Queries/default] - [  OK /    db.Query /     0.2ms] - [SELECT F_user_name FROM t_user WHERE F_user_name=?] - `13417747867`
[ORM] - 2015-01-07 16:11:14 - [Queries/default] - [  OK /    db.Query /    84.4ms] - [SELECT F_user_name FROM t_user WHERE F_user_name=?] - `18676102533`
[ORM] - 2015-01-07 16:30:40 - [Queries/default] - [  OK /    db.Query /     0.6ms] - [SELECT F_user_name FROM t_user WHERE F_user_name=?] - `13432368694`
